# JRE version: OpenJDK Runtime Environment Temurin-17.0.12+7 (17.0.12+7) (build 17.0.12+7)
# Java VM: OpenJDK 64-Bit Server VM Temurin-17.0.12+7 (17.0.12+7, mixed mode, sharing, tiered, compressed oops, compressed class ptrs, g1 gc, windows-amd64)
GC Precious Log:
 CPUs: 12 total, 12 available
 Memory: 32455M
 Large Page Support: Disabled
 NUMA Support: Disabled
 Compressed Oops: Enabled (Zero based)
 Heap Region Size: 4M
 Heap Min Capacity: 8M
 Heap Initial Capacity: 508M
 Heap Max Capacity: 8116M
 Pre-touch: Disabled
 Parallel Workers: 10
 Concurrent Workers: 3
 Concurrent Refinement Workers: 10
 Periodic GC: Disabled
Heap:
 garbage-first heap   total 520192K, used 72759K [0x0000000604c00000, 0x0000000800000000)
  region size 4096K, 18 young (73728K), 5 survivors (20480K)
 Metaspace       used 17960K, committed 18304K, reserved 1114112K
  class space    used 1799K, committed 1984K, reserved 1048576K
GC Heap History (10 events):
Event: 0.690 GC heap before
{Heap before GC invocations=0 (full 0):
 garbage-first heap   total 520192K, used 20480K [0x0000000604c00000, 0x0000000800000000)
  region size 4096K, 6 young (24576K), 0 survivors (0K)
 Metaspace       used 6675K, committed 6912K, reserved 1114112K
  class space    used 710K, committed 832K, reserved 1048576K
}
Event: 0.693 GC heap after
{Heap after GC invocations=1 (full 0):
 garbage-first heap   total 520192K, used 2949K [0x0000000604c00000, 0x0000000800000000)
  region size 4096K, 1 young (4096K), 1 survivors (4096K)
 Metaspace       used 6675K, committed 6912K, reserved 1114112K
  class space    used 710K, committed 832K, reserved 1048576K
}
Event: 1.662 GC heap before
{Heap before GC invocations=1 (full 0):
 garbage-first heap   total 520192K, used 35717K [0x0000000604c00000, 0x0000000800000000)
  region size 4096K, 9 young (36864K), 1 survivors (4096K)
 Metaspace       used 16523K, committed 16832K, reserved 1114112K
  class space    used 1709K, committed 1856K, reserved 1048576K
}
Event: 1.666 GC heap after
{Heap after GC invocations=2 (full 0):
 garbage-first heap   total 520192K, used 5131K [0x0000000604c00000, 0x0000000800000000)
  region size 4096K, 2 young (8192K), 2 survivors (8192K)
 Metaspace       used 16523K, committed 16832K, reserved 1114112K
  class space    used 1709K, committed 1856K, reserved 1048576K
}
Event: 15.003 GC heap before
{Heap before GC invocations=2 (full 0):
 garbage-first heap   total 520192K, used 193547K [0x0000000604c00000, 0x0000000800000000)
  region size 4096K, 48 young (196608K), 2 survivors (8192K)
 Metaspace       used 17901K, committed 18240K, reserved 1114112K
  class space    used 1798K, committed 1984K, reserved 1048576K
}
Event: 15.076 GC heap after
{Heap after GC invocations=3 (full 0):
 garbage-first heap   total 520192K, used 17618K [0x0000000604c00000, 0x0000000800000000)
  region size 4096K, 5 young (20480K), 5 survivors (20480K)
 Metaspace       used 17901K, committed 18240K, reserved 1114112K
  class space    used 1798K, committed 1984K, reserved 1048576K
}
Event: 30.042 GC heap before
{Heap before GC invocations=3 (full 0):
 garbage-first heap   total 520192K, used 234706K [0x0000000604c00000, 0x0000000800000000)
  region size 4096K, 58 young (237568K), 5 survivors (20480K)
 Metaspace       used 17957K, committed 18304K, reserved 1114112K
  class space    used 1799K, committed 1984K, reserved 1048576K
}
Event: 30.136 GC heap after
{Heap after GC invocations=4 (full 0):
 garbage-first heap   total 520192K, used 21794K [0x0000000604c00000, 0x0000000800000000)
  region size 4096K, 5 young (20480K), 5 survivors (20480K)
 Metaspace       used 17957K, committed 18304K, reserved 1114112K
  class space    used 1799K, committed 1984K, reserved 1048576K
}
Event: 46.043 GC heap before
{Heap before GC invocations=4 (full 0):
 garbage-first heap   total 520192K, used 247074K [0x0000000604c00000, 0x0000000800000000)
  region size 4096K, 60 young (245760K), 5 survivors (20480K)
 Metaspace       used 17959K, committed 18304K, reserved 1114112K
  class space    used 1799K, committed 1984K, reserved 1048576K
}
Event: 46.092 GC heap after
{Heap after GC invocations=5 (full 0):
 garbage-first heap   total 520192K, used 23607K [0x0000000604c00000, 0x0000000800000000)
  region size 4096K, 5 young (20480K), 5 survivors (20480K)
 Metaspace       used 17959K, committed 18304K, reserved 1114112K
  class space    used 1799K, committed 1984K, reserved 1048576K
}

