# JRE version: OpenJDK Runtime Environment Temurin-17.0.12+7 (17.0.12+7) (build 17.0.12+7)
# Java VM: OpenJDK 64-Bit Server VM Temurin-17.0.12+7 (17.0.12+7, mixed mode, sharing, tiered, compressed oops, compressed class ptrs, g1 gc, windows-amd64)
GC Precious Log:
 CPUs: 12 total, 12 available
 Memory: 32455M
 Large Page Support: Disabled
 NUMA Support: Disabled
 Compressed Oops: Enabled (Zero based)
 Heap Region Size: 4M
 Heap Min Capacity: 8M
 Heap Initial Capacity: 508M
 Heap Max Capacity: 8116M
 Pre-touch: Disabled
 Parallel Workers: 10
 Concurrent Workers: 3
 Concurrent Refinement Workers: 10
 Periodic GC: Disabled
Heap:
 garbage-first heap   total 520192K, used 99165K [0x0000000604c00000, 0x0000000800000000)
  region size 4096K, 24 young (98304K), 1 survivors (4096K)
 Metaspace       used 17921K, committed 18304K, reserved 1114112K
  class space    used 1799K, committed 1984K, reserved 1048576K
GC Heap History (10 events):
Event: 0.672 GC heap before
{Heap before GC invocations=0 (full 0):
 garbage-first heap   total 520192K, used 20480K [0x0000000604c00000, 0x0000000800000000)
  region size 4096K, 6 young (24576K), 0 survivors (0K)
 Metaspace       used 6680K, committed 6912K, reserved 1114112K
  class space    used 710K, committed 832K, reserved 1048576K
}
Event: 0.675 GC heap after
{Heap after GC invocations=1 (full 0):
 garbage-first heap   total 520192K, used 2856K [0x0000000604c00000, 0x0000000800000000)
  region size 4096K, 1 young (4096K), 1 survivors (4096K)
 Metaspace       used 6680K, committed 6912K, reserved 1114112K
  class space    used 710K, committed 832K, reserved 1048576K
}
Event: 1.711 GC heap before
{Heap before GC invocations=1 (full 0):
 garbage-first heap   total 520192K, used 35624K [0x0000000604c00000, 0x0000000800000000)
  region size 4096K, 9 young (36864K), 1 survivors (4096K)
 Metaspace       used 16490K, committed 16768K, reserved 1114112K
  class space    used 1711K, committed 1856K, reserved 1048576K
}
Event: 1.715 GC heap after
{Heap after GC invocations=2 (full 0):
 garbage-first heap   total 520192K, used 5088K [0x0000000604c00000, 0x0000000800000000)
  region size 4096K, 2 young (8192K), 2 survivors (8192K)
 Metaspace       used 16490K, committed 16768K, reserved 1114112K
  class space    used 1711K, committed 1856K, reserved 1048576K
}
Event: 18.109 GC heap before
{Heap before GC invocations=2 (full 0):
 garbage-first heap   total 520192K, used 193504K [0x0000000604c00000, 0x0000000800000000)
  region size 4096K, 48 young (196608K), 2 survivors (8192K)
 Metaspace       used 17592K, committed 17856K, reserved 1114112K
  class space    used 1752K, committed 1856K, reserved 1048576K
}
Event: 18.188 GC heap after
{Heap after GC invocations=3 (full 0):
 garbage-first heap   total 520192K, used 16461K [0x0000000604c00000, 0x0000000800000000)
  region size 4096K, 5 young (20480K), 5 survivors (20480K)
 Metaspace       used 17592K, committed 17856K, reserved 1114112K
  class space    used 1752K, committed 1856K, reserved 1048576K
}
Event: 41.416 GC heap before
{Heap before GC invocations=3 (full 0):
 garbage-first heap   total 520192K, used 274509K [0x0000000604c00000, 0x0000000800000000)
  region size 4096K, 68 young (278528K), 5 survivors (20480K)
 Metaspace       used 17614K, committed 17856K, reserved 1114112K
  class space    used 1752K, committed 1856K, reserved 1048576K
}
Event: 41.520 GC heap after
{Heap after GC invocations=4 (full 0):
 garbage-first heap   total 520192K, used 24030K [0x0000000604c00000, 0x0000000800000000)
  region size 4096K, 6 young (24576K), 6 survivors (24576K)
 Metaspace       used 17614K, committed 17856K, reserved 1114112K
  class space    used 1752K, committed 1856K, reserved 1048576K
}
Event: 66.052 GC heap before
{Heap before GC invocations=4 (full 0):
 garbage-first heap   total 520192K, used 261598K [0x0000000604c00000, 0x0000000800000000)
  region size 4096K, 64 young (262144K), 6 survivors (24576K)
 Metaspace       used 17921K, committed 18304K, reserved 1114112K
  class space    used 1799K, committed 1984K, reserved 1048576K
}
Event: 66.094 GC heap after
{Heap after GC invocations=5 (full 0):
 garbage-first heap   total 520192K, used 9053K [0x0000000604c00000, 0x0000000800000000)
  region size 4096K, 1 young (4096K), 1 survivors (4096K)
 Metaspace       used 17921K, committed 18304K, reserved 1114112K
  class space    used 1799K, committed 1984K, reserved 1048576K
}

